# JRE version: OpenJDK Runtime Environment (11.0.10) (build 11.0.10+0-b96-7249189)
# Java VM: OpenJDK 64-Bit Server VM (11.0.10+0-b96-7249189, mixed mode, tiered, compressed oops, g1 gc, windows-amd64)
Heap:
 garbage-first heap   total 129024K, used 32213K [0x0000000080000000, 0x0000000100000000)
  region size 1024K, 17 young (17408K), 1 survivors (1024K)
 Metaspace       used 22095K, capacity 22652K, committed 22784K, reserved 1069056K
  class space    used 2792K, capacity 3011K, committed 3072K, reserved 1048576K
GC Heap History (6 events):
Event: 0.488 GC heap before
{Heap before GC invocations=0 (full 0):
 garbage-first heap   total 129024K, used 29696K [0x0000000080000000, 0x0000000100000000)
  region size 1024K, 24 young (24576K), 0 survivors (0K)
 Metaspace       used 9799K, capacity 9986K, committed 10112K, reserved 1058816K
  class space    used 1021K, capacity 1102K, committed 1152K, reserved 1048576K
}
Event: 0.493 GC heap after
{Heap after GC invocations=1 (full 0):
 garbage-first heap   total 129024K, used 9305K [0x0000000080000000, 0x0000000100000000)
  region size 1024K, 3 young (3072K), 3 survivors (3072K)
 Metaspace       used 9799K, capacity 9986K, committed 10112K, reserved 1058816K
  class space    used 1021K, capacity 1102K, committed 1152K, reserved 1048576K
}
Event: 5.496 GC heap before
{Heap before GC invocations=1 (full 0):
 garbage-first heap   total 129024K, used 83033K [0x0000000080000000, 0x0000000100000000)
  region size 1024K, 75 young (76800K), 3 survivors (3072K)
 Metaspace       used 17791K, capacity 18213K, committed 18432K, reserved 1064960K
  class space    used 2098K, capacity 2247K, committed 2304K, reserved 1048576K
}
Event: 5.502 GC heap after
{Heap after GC invocations=2 (full 0):
 garbage-first heap   total 129024K, used 16243K [0x0000000080000000, 0x0000000100000000)
  region size 1024K, 10 young (10240K), 10 survivors (10240K)
 Metaspace       used 17791K, capacity 18213K, committed 18432K, reserved 1064960K
  class space    used 2098K, capacity 2247K, committed 2304K, reserved 1048576K
}
Event: 5.675 GC heap before
{Heap before GC invocations=2 (full 0):
 garbage-first heap   total 129024K, used 37747K [0x0000000080000000, 0x0000000100000000)
  region size 1024K, 32 young (32768K), 10 survivors (10240K)
 Metaspace       used 20610K, capacity 21085K, committed 21248K, reserved 1067008K
  class space    used 2511K, capacity 2699K, committed 2816K, reserved 1048576K
}
Event: 5.681 GC heap after
{Heap after GC invocations=3 (full 0):
 garbage-first heap   total 129024K, used 16853K [0x0000000080000000, 0x0000000100000000)
  region size 1024K, 1 young (1024K), 1 survivors (1024K)
 Metaspace       used 20610K, capacity 21085K, committed 21248K, reserved 1067008K
  class space    used 2511K, capacity 2699K, committed 2816K, reserved 1048576K
}

