# JRE version: OpenJDK Runtime Environment (11.0.10) (build 11.0.10+0-b96-7249189)
# Java VM: OpenJDK 64-Bit Server VM (11.0.10+0-b96-7249189, mixed mode, tiered, compressed oops, g1 gc, windows-amd64)
Heap:
 garbage-first heap   total 129024K, used 79334K [0x0000000080000000, 0x0000000100000000)
  region size 1024K, 25 young (25600K), 5 survivors (5120K)
 Metaspace       used 78481K, capacity 80842K, committed 81152K, reserved 1122304K
  class space    used 10396K, capacity 11246K, committed 11340K, reserved 1048576K
GC Heap History (20 events):
Event: 6.147 GC heap before
{Heap before GC invocations=7 (full 0):
 garbage-first heap   total 129024K, used 86782K [0x0000000080000000, 0x0000000100000000)
  region size 1024K, 66 young (67584K), 6 survivors (6144K)
 Metaspace       used 39405K, capacity 40299K, committed 40524K, reserved 1085440K
  class space    used 5037K, capacity 5389K, committed 5452K, reserved 1048576K
}
Event: 6.152 GC heap after
{Heap after GC invocations=8 (full 0):
 garbage-first heap   total 129024K, used 27306K [0x0000000080000000, 0x0000000100000000)
  region size 1024K, 9 young (9216K), 9 survivors (9216K)
 Metaspace       used 39405K, capacity 40299K, committed 40524K, reserved 1085440K
  class space    used 5037K, capacity 5389K, committed 5452K, reserved 1048576K
}
Event: 6.598 GC heap before
{Heap before GC invocations=8 (full 0):
 garbage-first heap   total 129024K, used 87722K [0x0000000080000000, 0x0000000100000000)
  region size 1024K, 68 young (69632K), 9 survivors (9216K)
 Metaspace       used 44760K, capacity 45906K, committed 46156K, reserved 1089536K
  class space    used 5760K, capacity 6146K, committed 6220K, reserved 1048576K
}
Event: 6.604 GC heap after
{Heap after GC invocations=9 (full 0):
 garbage-first heap   total 129024K, used 29284K [0x0000000080000000, 0x0000000100000000)
  region size 1024K, 3 young (3072K), 3 survivors (3072K)
 Metaspace       used 44760K, capacity 45906K, committed 46156K, reserved 1089536K
  class space    used 5760K, capacity 6146K, committed 6220K, reserved 1048576K
}
Event: 7.747 GC heap before
{Heap before GC invocations=9 (full 0):
 garbage-first heap   total 129024K, used 94820K [0x0000000080000000, 0x0000000100000000)
  region size 1024K, 64 young (65536K), 3 survivors (3072K)
 Metaspace       used 47905K, capacity 49257K, committed 49484K, reserved 1091584K
  class space    used 6135K, capacity 6624K, committed 6732K, reserved 1048576K
}
Event: 7.751 GC heap after
{Heap after GC invocations=10 (full 0):
 garbage-first heap   total 129024K, used 42587K [0x0000000080000000, 0x0000000100000000)
  region size 1024K, 8 young (8192K), 8 survivors (8192K)
 Metaspace       used 47905K, capacity 49257K, committed 49484K, reserved 1091584K
  class space    used 6135K, capacity 6624K, committed 6732K, reserved 1048576K
}
Event: 8.268 GC heap before
{Heap before GC invocations=10 (full 0):
 garbage-first heap   total 129024K, used 94811K [0x0000000080000000, 0x0000000100000000)
  region size 1024K, 59 young (60416K), 8 survivors (8192K)
 Metaspace       used 55669K, capacity 57067K, committed 57292K, reserved 1099776K
  class space    used 7067K, capacity 7583K, committed 7628K, reserved 1048576K
}
Event: 8.273 GC heap after
{Heap after GC invocations=11 (full 0):
 garbage-first heap   total 129024K, used 45132K [0x0000000080000000, 0x0000000100000000)
  region size 1024K, 2 young (2048K), 2 survivors (2048K)
 Metaspace       used 55669K, capacity 57067K, committed 57292K, reserved 1099776K
  class space    used 7067K, capacity 7583K, committed 7628K, reserved 1048576K
}
Event: 8.458 GC heap before
{Heap before GC invocations=11 (full 0):
 garbage-first heap   total 129024K, used 62540K [0x0000000080000000, 0x0000000100000000)
  region size 1024K, 20 young (20480K), 2 survivors (2048K)
 Metaspace       used 58585K, capacity 60072K, committed 60288K, reserved 1101824K
  class space    used 7454K, capacity 8032K, committed 8140K, reserved 1048576K
}
Event: 8.462 GC heap after
{Heap after GC invocations=12 (full 0):
 garbage-first heap   total 129024K, used 46480K [0x0000000080000000, 0x0000000100000000)
  region size 1024K, 4 young (4096K), 4 survivors (4096K)
 Metaspace       used 58585K, capacity 60072K, committed 60288K, reserved 1101824K
  class space    used 7454K, capacity 8032K, committed 8140K, reserved 1048576K
}
Event: 10.176 GC heap before
{Heap before GC invocations=13 (full 0):
 garbage-first heap   total 129024K, used 85392K [0x0000000080000000, 0x0000000100000000)
  region size 1024K, 43 young (44032K), 4 survivors (4096K)
 Metaspace       used 62043K, capacity 63509K, committed 63744K, reserved 1103872K
  class space    used 7883K, capacity 8424K, committed 8524K, reserved 1048576K
}
Event: 10.179 GC heap after
{Heap after GC invocations=14 (full 0):
 garbage-first heap   total 129024K, used 49612K [0x0000000080000000, 0x0000000100000000)
  region size 1024K, 5 young (5120K), 5 survivors (5120K)
 Metaspace       used 62043K, capacity 63509K, committed 63744K, reserved 1103872K
  class space    used 7883K, capacity 8424K, committed 8524K, reserved 1048576K
}
Event: 10.438 GC heap before
{Heap before GC invocations=14 (full 0):
 garbage-first heap   total 129024K, used 90572K [0x0000000080000000, 0x0000000100000000)
  region size 1024K, 45 young (46080K), 5 survivors (5120K)
 Metaspace       used 64169K, capacity 65757K, committed 66048K, reserved 1105920K
  class space    used 8179K, capacity 8761K, committed 8780K, reserved 1048576K
}
Event: 10.442 GC heap after
{Heap after GC invocations=15 (full 0):
 garbage-first heap   total 129024K, used 53776K [0x0000000080000000, 0x0000000100000000)
  region size 1024K, 5 young (5120K), 5 survivors (5120K)
 Metaspace       used 64169K, capacity 65757K, committed 66048K, reserved 1105920K
  class space    used 8179K, capacity 8761K, committed 8780K, reserved 1048576K
}
Event: 10.801 GC heap before
{Heap before GC invocations=15 (full 0):
 garbage-first heap   total 129024K, used 93712K [0x0000000080000000, 0x0000000100000000)
  region size 1024K, 44 young (45056K), 5 survivors (5120K)
 Metaspace       used 68793K, capacity 70363K, committed 70400K, reserved 1110016K
  class space    used 8927K, capacity 9538K, committed 9548K, reserved 1048576K
}
Event: 10.804 GC heap after
{Heap after GC invocations=16 (full 0):
 garbage-first heap   total 129024K, used 56217K [0x0000000080000000, 0x0000000100000000)
  region size 1024K, 3 young (3072K), 3 survivors (3072K)
 Metaspace       used 68793K, capacity 70363K, committed 70400K, reserved 1110016K
  class space    used 8927K, capacity 9538K, committed 9548K, reserved 1048576K
}
Event: 11.164 GC heap before
{Heap before GC invocations=16 (full 0):
 garbage-first heap   total 129024K, used 97177K [0x0000000080000000, 0x0000000100000000)
  region size 1024K, 43 young (44032K), 3 survivors (3072K)
 Metaspace       used 73763K, capacity 75485K, committed 75776K, reserved 1114112K
  class space    used 9646K, capacity 10273K, committed 10316K, reserved 1048576K
}
Event: 11.167 GC heap after
{Heap after GC invocations=17 (full 0):
 garbage-first heap   total 129024K, used 58327K [0x0000000080000000, 0x0000000100000000)
  region size 1024K, 5 young (5120K), 5 survivors (5120K)
 Metaspace       used 73763K, capacity 75485K, committed 75776K, reserved 1114112K
  class space    used 9646K, capacity 10273K, committed 10316K, reserved 1048576K
}
Event: 11.531 GC heap before
{Heap before GC invocations=17 (full 0):
 garbage-first heap   total 129024K, used 99287K [0x0000000080000000, 0x0000000100000000)
  region size 1024K, 45 young (46080K), 5 survivors (5120K)
 Metaspace       used 77266K, capacity 79229K, committed 79488K, reserved 1118208K
  class space    used 10164K, capacity 10883K, committed 10956K, reserved 1048576K
}
Event: 11.535 GC heap after
{Heap after GC invocations=18 (full 0):
 garbage-first heap   total 129024K, used 60902K [0x0000000080000000, 0x0000000100000000)
  region size 1024K, 5 young (5120K), 5 survivors (5120K)
 Metaspace       used 77266K, capacity 79229K, committed 79488K, reserved 1118208K
  class space    used 10164K, capacity 10883K, committed 10956K, reserved 1048576K
}

