# JRE version: OpenJDK Runtime Environment (11.0.10) (build 11.0.10+0-b96-7249189)
# Java VM: OpenJDK 64-Bit Server VM (11.0.10+0-b96-7249189, mixed mode, tiered, compressed oops, g1 gc, windows-amd64)
Heap:
 garbage-first heap   total 129024K, used 21465K [0x0000000080000000, 0x0000000100000000)
  region size 1024K, 4 young (4096K), 4 survivors (4096K)
 Metaspace       used 33849K, capacity 34575K, committed 34688K, reserved 1118208K
  class space    used 4412K, capacity 4680K, committed 4736K, reserved 1048576K
GC Heap History (8 events):
Event: 2.297 GC heap before
{Heap before GC invocations=0 (full 0):
 garbage-first heap   total 129024K, used 29696K [0x0000000080000000, 0x0000000100000000)
  region size 1024K, 24 young (24576K), 0 survivors (0K)
 Metaspace       used 9788K, capacity 9986K, committed 10112K, reserved 1058816K
  class space    used 1022K, capacity 1102K, committed 1152K, reserved 1048576K
}
Event: 2.302 GC heap after
{Heap after GC invocations=1 (full 0):
 garbage-first heap   total 129024K, used 8902K [0x0000000080000000, 0x0000000100000000)
  region size 1024K, 3 young (3072K), 3 survivors (3072K)
 Metaspace       used 9788K, capacity 9986K, committed 10112K, reserved 1058816K
  class space    used 1022K, capacity 1102K, committed 1152K, reserved 1048576K
}
Event: 5.228 GC heap before
{Heap before GC invocations=1 (full 0):
 garbage-first heap   total 129024K, used 82630K [0x0000000080000000, 0x0000000100000000)
  region size 1024K, 75 young (76800K), 3 survivors (3072K)
 Metaspace       used 17685K, capacity 18086K, committed 18176K, reserved 1064960K
  class space    used 2091K, capacity 2236K, committed 2304K, reserved 1048576K
}
Event: 5.233 GC heap after
{Heap after GC invocations=2 (full 0):
 garbage-first heap   total 129024K, used 15951K [0x0000000080000000, 0x0000000100000000)
  region size 1024K, 10 young (10240K), 10 survivors (10240K)
 Metaspace       used 17685K, capacity 18086K, committed 18176K, reserved 1064960K
  class space    used 2091K, capacity 2236K, committed 2304K, reserved 1048576K
}
Event: 5.405 GC heap before
{Heap before GC invocations=2 (full 0):
 garbage-first heap   total 129024K, used 38479K [0x0000000080000000, 0x0000000100000000)
  region size 1024K, 33 young (33792K), 10 survivors (10240K)
 Metaspace       used 20606K, capacity 21118K, committed 21248K, reserved 1067008K
  class space    used 2519K, capacity 2720K, committed 2816K, reserved 1048576K
}
Event: 5.411 GC heap after
{Heap after GC invocations=3 (full 0):
 garbage-first heap   total 129024K, used 16418K [0x0000000080000000, 0x0000000100000000)
  region size 1024K, 1 young (1024K), 1 survivors (1024K)
 Metaspace       used 20606K, capacity 21118K, committed 21248K, reserved 1067008K
  class space    used 2519K, capacity 2720K, committed 2816K, reserved 1048576K
}
Event: 5.820 GC heap before
{Heap before GC invocations=4 (full 0):
 garbage-first heap   total 129024K, used 67618K [0x0000000080000000, 0x0000000100000000)
  region size 1024K, 51 young (52224K), 1 survivors (1024K)
 Metaspace       used 25855K, capacity 26421K, committed 26752K, reserved 1073152K
  class space    used 3383K, capacity 3599K, committed 3712K, reserved 1048576K
}
Event: 5.823 GC heap after
{Heap after GC invocations=5 (full 0):
 garbage-first heap   total 129024K, used 18086K [0x0000000080000000, 0x0000000100000000)
  region size 1024K, 3 young (3072K), 3 survivors (3072K)
 Metaspace       used 25855K, capacity 26421K, committed 26752K, reserved 1073152K
  class space    used 3383K, capacity 3599K, committed 3712K, reserved 1048576K
}

